[20-Oct-2025 05:57:26 Asia/Manila] 🚀 Error logging test triggered at 2025-10-20 05:57:26
[20-Oct-2025 05:57:35 Asia/Manila] 🚀 Error logging test triggered at 2025-10-20 05:57:35
[20-Oct-2025 05:57:35 Asia/Manila] UPDATE affected 0 rows for user_id: 1. Data may be identical or user not found.
[20-Oct-2025 05:57:39 Asia/Manila] 🚀 Error logging test triggered at 2025-10-20 05:57:39
[20-Oct-2025 05:58:29 Asia/Manila] 🚀 Error logging test triggered at 2025-10-20 05:58:29
[20-Oct-2025 05:58:29 Asia/Manila] UPDATE affected 0 rows for user_id: 1. Data may be identical or user not found.
[20-Oct-2025 05:58:51 Asia/Manila] 🚀 Error logging test triggered at 2025-10-20 05:58:51
[20-Oct-2025 15:31:50 Asia/Manila] PHP Warning:  Undefined variable $conn in C:\xampp\htdocs\STUDENT SUCCESS OFFICE - CAPSTONE 2\api\get_programs_by_strand.php on line 31
[20-Oct-2025 15:31:50 Asia/Manila] PHP Warning:  Attempt to read property "connect_error" on null in C:\xampp\htdocs\STUDENT SUCCESS OFFICE - CAPSTONE 2\api\get_programs_by_strand.php on line 31
[20-Oct-2025 15:31:50 Asia/Manila] PHP Fatal error:  Uncaught Error: Call to undefined function executeSelect() in C:\xampp\htdocs\STUDENT SUCCESS OFFICE - CAPSTONE 2\api\get_programs_by_strand.php:73
Stack trace:
#0 C:\xampp\htdocs\STUDENT SUCCESS OFFICE - CAPSTONE 2\index.php(33): include()
#1 {main}
  thrown in C:\xampp\htdocs\STUDENT SUCCESS OFFICE - CAPSTONE 2\api\get_programs_by_strand.php on line 73
[20-Oct-2025 15:31:55 Asia/Manila] PHP Warning:  Undefined variable $conn in C:\xampp\htdocs\STUDENT SUCCESS OFFICE - CAPSTONE 2\api\get_programs_by_strand.php on line 31
[20-Oct-2025 15:31:55 Asia/Manila] PHP Warning:  Attempt to read property "connect_error" on null in C:\xampp\htdocs\STUDENT SUCCESS OFFICE - CAPSTONE 2\api\get_programs_by_strand.php on line 31
[20-Oct-2025 15:31:55 Asia/Manila] PHP Fatal error:  Uncaught Error: Call to undefined function executeSelect() in C:\xampp\htdocs\STUDENT SUCCESS OFFICE - CAPSTONE 2\api\get_programs_by_strand.php:73
Stack trace:
#0 C:\xampp\htdocs\STUDENT SUCCESS OFFICE - CAPSTONE 2\index.php(33): include()
#1 {main}
  thrown in C:\xampp\htdocs\STUDENT SUCCESS OFFICE - CAPSTONE 2\api\get_programs_by_strand.php on line 73
[20-Oct-2025 15:32:03 Asia/Manila] PHP Warning:  Undefined variable $conn in C:\xampp\htdocs\STUDENT SUCCESS OFFICE - CAPSTONE 2\api\get_programs_by_strand.php on line 31
[20-Oct-2025 15:32:03 Asia/Manila] PHP Warning:  Attempt to read property "connect_error" on null in C:\xampp\htdocs\STUDENT SUCCESS OFFICE - CAPSTONE 2\api\get_programs_by_strand.php on line 31
[20-Oct-2025 15:32:03 Asia/Manila] PHP Fatal error:  Uncaught Error: Call to undefined function executeSelect() in C:\xampp\htdocs\STUDENT SUCCESS OFFICE - CAPSTONE 2\api\get_programs_by_strand.php:73
Stack trace:
#0 C:\xampp\htdocs\STUDENT SUCCESS OFFICE - CAPSTONE 2\index.php(33): include()
#1 {main}
  thrown in C:\xampp\htdocs\STUDENT SUCCESS OFFICE - CAPSTONE 2\api\get_programs_by_strand.php on line 73
[22-Oct-2025 05:11:59 Asia/Manila] 🚀 Error logging test triggered at 2025-10-22 05:11:59
[22-Oct-2025 05:11:59 Asia/Manila] PHP Warning:  Undefined variable $conn in C:\xampp\htdocs\STUDENT SUCCESS OFFICE - CAPSTONE 2\api\submit_application_admission.php on line 37
[22-Oct-2025 05:11:59 Asia/Manila] PHP Warning:  Attempt to read property "connect_error" on null in C:\xampp\htdocs\STUDENT SUCCESS OFFICE - CAPSTONE 2\api\submit_application_admission.php on line 37
[22-Oct-2025 05:11:59 Asia/Manila] PHP Fatal error:  Uncaught Error: Call to undefined function getConfigValue() in C:\xampp\htdocs\STUDENT SUCCESS OFFICE - CAPSTONE 2\api\submit_application_admission.php:46
Stack trace:
#0 {main}
  thrown in C:\xampp\htdocs\STUDENT SUCCESS OFFICE - CAPSTONE 2\api\submit_application_admission.php on line 46
[28-Oct-2025 14:11:14 Asia/Manila] PHP Warning:  Undefined variable $conn in C:\xampp\htdocs\STUDENT SUCCESS OFFICE - CAPSTONE 2\api\get_my_applications.php on line 33
[28-Oct-2025 14:11:14 Asia/Manila] PHP Warning:  Attempt to read property "connect_error" on null in C:\xampp\htdocs\STUDENT SUCCESS OFFICE - CAPSTONE 2\api\get_my_applications.php on line 33
[28-Oct-2025 14:11:14 Asia/Manila] PHP Fatal error:  Uncaught Error: Call to undefined function executeSelect() in C:\xampp\htdocs\STUDENT SUCCESS OFFICE - CAPSTONE 2\api\get_my_applications.php:68
Stack trace:
#0 {main}
  thrown in C:\xampp\htdocs\STUDENT SUCCESS OFFICE - CAPSTONE 2\api\get_my_applications.php on line 68
[28-Oct-2025 14:15:56 Asia/Manila] PHP Warning:  Undefined variable $conn in C:\xampp\htdocs\STUDENT SUCCESS OFFICE - CAPSTONE 2\api\get_my_applications.php on line 33
[28-Oct-2025 14:15:56 Asia/Manila] PHP Warning:  Attempt to read property "connect_error" on null in C:\xampp\htdocs\STUDENT SUCCESS OFFICE - CAPSTONE 2\api\get_my_applications.php on line 33
[28-Oct-2025 14:15:56 Asia/Manila] PHP Fatal error:  Uncaught Error: Call to undefined function executeSelect() in C:\xampp\htdocs\STUDENT SUCCESS OFFICE - CAPSTONE 2\api\get_my_applications.php:68
Stack trace:
#0 {main}
  thrown in C:\xampp\htdocs\STUDENT SUCCESS OFFICE - CAPSTONE 2\api\get_my_applications.php on line 68
[28-Oct-2025 22:28:44 Asia/Manila] PHP Warning:  Undefined variable $conn in C:\xampp\htdocs\STUDENT SUCCESS OFFICE - CAPSTONE 2\api\get_my_applications.php on line 33
[28-Oct-2025 22:28:44 Asia/Manila] PHP Warning:  Attempt to read property "connect_error" on null in C:\xampp\htdocs\STUDENT SUCCESS OFFICE - CAPSTONE 2\api\get_my_applications.php on line 33
[28-Oct-2025 22:28:44 Asia/Manila] PHP Fatal error:  Uncaught Error: Call to undefined function executeSelect() in C:\xampp\htdocs\STUDENT SUCCESS OFFICE - CAPSTONE 2\api\get_my_applications.php:68
Stack trace:
#0 {main}
  thrown in C:\xampp\htdocs\STUDENT SUCCESS OFFICE - CAPSTONE 2\api\get_my_applications.php on line 68
[28-Oct-2025 22:31:28 Asia/Manila] PHP Warning:  Undefined variable $conn in C:\xampp\htdocs\STUDENT SUCCESS OFFICE - CAPSTONE 2\api\get_my_applications.php on line 33
[28-Oct-2025 22:31:28 Asia/Manila] PHP Warning:  Attempt to read property "connect_error" on null in C:\xampp\htdocs\STUDENT SUCCESS OFFICE - CAPSTONE 2\api\get_my_applications.php on line 33
[28-Oct-2025 22:31:28 Asia/Manila] PHP Fatal error:  Uncaught Error: Call to undefined function executeSelect() in C:\xampp\htdocs\STUDENT SUCCESS OFFICE - CAPSTONE 2\api\get_my_applications.php:68
Stack trace:
#0 {main}
  thrown in C:\xampp\htdocs\STUDENT SUCCESS OFFICE - CAPSTONE 2\api\get_my_applications.php on line 68
[28-Oct-2025 22:31:38 Asia/Manila] PHP Warning:  Undefined variable $conn in C:\xampp\htdocs\STUDENT SUCCESS OFFICE - CAPSTONE 2\api\get_my_applications.php on line 33
[28-Oct-2025 22:31:38 Asia/Manila] PHP Warning:  Attempt to read property "connect_error" on null in C:\xampp\htdocs\STUDENT SUCCESS OFFICE - CAPSTONE 2\api\get_my_applications.php on line 33
[28-Oct-2025 22:31:38 Asia/Manila] PHP Fatal error:  Uncaught Error: Call to undefined function executeSelect() in C:\xampp\htdocs\STUDENT SUCCESS OFFICE - CAPSTONE 2\api\get_my_applications.php:68
Stack trace:
#0 {main}
  thrown in C:\xampp\htdocs\STUDENT SUCCESS OFFICE - CAPSTONE 2\api\get_my_applications.php on line 68
[28-Oct-2025 22:31:42 Asia/Manila] PHP Warning:  Undefined variable $conn in C:\xampp\htdocs\STUDENT SUCCESS OFFICE - CAPSTONE 2\api\get_my_applications.php on line 33
[28-Oct-2025 22:31:42 Asia/Manila] PHP Warning:  Attempt to read property "connect_error" on null in C:\xampp\htdocs\STUDENT SUCCESS OFFICE - CAPSTONE 2\api\get_my_applications.php on line 33
[28-Oct-2025 22:31:42 Asia/Manila] PHP Fatal error:  Uncaught Error: Call to undefined function executeSelect() in C:\xampp\htdocs\STUDENT SUCCESS OFFICE - CAPSTONE 2\api\get_my_applications.php:68
Stack trace:
#0 {main}
  thrown in C:\xampp\htdocs\STUDENT SUCCESS OFFICE - CAPSTONE 2\api\get_my_applications.php on line 68
[28-Oct-2025 22:31:47 Asia/Manila] PHP Warning:  Undefined variable $conn in C:\xampp\htdocs\STUDENT SUCCESS OFFICE - CAPSTONE 2\api\get_my_applications.php on line 33
[28-Oct-2025 22:31:47 Asia/Manila] PHP Warning:  Attempt to read property "connect_error" on null in C:\xampp\htdocs\STUDENT SUCCESS OFFICE - CAPSTONE 2\api\get_my_applications.php on line 33
[28-Oct-2025 22:31:47 Asia/Manila] PHP Fatal error:  Uncaught Error: Call to undefined function executeSelect() in C:\xampp\htdocs\STUDENT SUCCESS OFFICE - CAPSTONE 2\api\get_my_applications.php:68
Stack trace:
#0 {main}
  thrown in C:\xampp\htdocs\STUDENT SUCCESS OFFICE - CAPSTONE 2\api\get_my_applications.php on line 68
[28-Oct-2025 22:32:00 Asia/Manila] PHP Warning:  Undefined variable $conn in C:\xampp\htdocs\STUDENT SUCCESS OFFICE - CAPSTONE 2\api\get_my_applications.php on line 33
[28-Oct-2025 22:32:00 Asia/Manila] PHP Warning:  Attempt to read property "connect_error" on null in C:\xampp\htdocs\STUDENT SUCCESS OFFICE - CAPSTONE 2\api\get_my_applications.php on line 33
[28-Oct-2025 22:32:00 Asia/Manila] PHP Fatal error:  Uncaught Error: Call to undefined function executeSelect() in C:\xampp\htdocs\STUDENT SUCCESS OFFICE - CAPSTONE 2\api\get_my_applications.php:68
Stack trace:
#0 {main}
  thrown in C:\xampp\htdocs\STUDENT SUCCESS OFFICE - CAPSTONE 2\api\get_my_applications.php on line 68
[29-Oct-2025 15:52:58 Asia/Manila] PHP Warning:  Undefined variable $conn in C:\xampp\htdocs\STUDENT SUCCESS OFFICE - CAPSTONE 2\api\get_my_applications.php on line 33
[29-Oct-2025 15:52:58 Asia/Manila] PHP Warning:  Attempt to read property "connect_error" on null in C:\xampp\htdocs\STUDENT SUCCESS OFFICE - CAPSTONE 2\api\get_my_applications.php on line 33
[29-Oct-2025 15:52:58 Asia/Manila] PHP Fatal error:  Uncaught Error: Call to undefined function executeSelect() in C:\xampp\htdocs\STUDENT SUCCESS OFFICE - CAPSTONE 2\api\get_my_applications.php:68
Stack trace:
#0 {main}
  thrown in C:\xampp\htdocs\STUDENT SUCCESS OFFICE - CAPSTONE 2\api\get_my_applications.php on line 68
[02-Nov-2025 04:27:47 Asia/Manila] PHP Warning:  Undefined variable $conn in C:\xampp\htdocs\STUDENT SUCCESS OFFICE - CAPSTONE 2\api\get_my_applications.php on line 33
[02-Nov-2025 04:27:47 Asia/Manila] PHP Warning:  Attempt to read property "connect_error" on null in C:\xampp\htdocs\STUDENT SUCCESS OFFICE - CAPSTONE 2\api\get_my_applications.php on line 33
[02-Nov-2025 04:27:47 Asia/Manila] PHP Fatal error:  Uncaught Error: Call to undefined function executeSelect() in C:\xampp\htdocs\STUDENT SUCCESS OFFICE - CAPSTONE 2\api\get_my_applications.php:68
Stack trace:
#0 {main}
  thrown in C:\xampp\htdocs\STUDENT SUCCESS OFFICE - CAPSTONE 2\api\get_my_applications.php on line 68
[02-Nov-2025 04:29:31 Asia/Manila] PHP Warning:  Undefined variable $conn in C:\xampp\htdocs\STUDENT SUCCESS OFFICE - CAPSTONE 2\api\get_my_applications.php on line 33
[02-Nov-2025 04:29:31 Asia/Manila] PHP Warning:  Attempt to read property "connect_error" on null in C:\xampp\htdocs\STUDENT SUCCESS OFFICE - CAPSTONE 2\api\get_my_applications.php on line 33
[02-Nov-2025 04:29:31 Asia/Manila] PHP Fatal error:  Uncaught Error: Call to undefined function executeSelect() in C:\xampp\htdocs\STUDENT SUCCESS OFFICE - CAPSTONE 2\api\get_my_applications.php:68
Stack trace:
#0 {main}
  thrown in C:\xampp\htdocs\STUDENT SUCCESS OFFICE - CAPSTONE 2\api\get_my_applications.php on line 68
[02-Nov-2025 04:29:45 Asia/Manila] PHP Warning:  Undefined variable $conn in C:\xampp\htdocs\STUDENT SUCCESS OFFICE - CAPSTONE 2\api\get_my_applications.php on line 33
[02-Nov-2025 04:29:45 Asia/Manila] PHP Warning:  Attempt to read property "connect_error" on null in C:\xampp\htdocs\STUDENT SUCCESS OFFICE - CAPSTONE 2\api\get_my_applications.php on line 33
[02-Nov-2025 04:29:45 Asia/Manila] PHP Fatal error:  Uncaught Error: Call to undefined function executeSelect() in C:\xampp\htdocs\STUDENT SUCCESS OFFICE - CAPSTONE 2\api\get_my_applications.php:68
Stack trace:
#0 {main}
  thrown in C:\xampp\htdocs\STUDENT SUCCESS OFFICE - CAPSTONE 2\api\get_my_applications.php on line 68
[02-Nov-2025 04:30:13 Asia/Manila] PHP Warning:  Undefined variable $conn in C:\xampp\htdocs\STUDENT SUCCESS OFFICE - CAPSTONE 2\api\get_my_applications.php on line 33
[02-Nov-2025 04:30:13 Asia/Manila] PHP Warning:  Attempt to read property "connect_error" on null in C:\xampp\htdocs\STUDENT SUCCESS OFFICE - CAPSTONE 2\api\get_my_applications.php on line 33
[02-Nov-2025 04:30:13 Asia/Manila] PHP Fatal error:  Uncaught Error: Call to undefined function executeSelect() in C:\xampp\htdocs\STUDENT SUCCESS OFFICE - CAPSTONE 2\api\get_my_applications.php:68
Stack trace:
#0 {main}
  thrown in C:\xampp\htdocs\STUDENT SUCCESS OFFICE - CAPSTONE 2\api\get_my_applications.php on line 68
[02-Nov-2025 04:30:43 Asia/Manila] PHP Warning:  Undefined variable $conn in C:\xampp\htdocs\STUDENT SUCCESS OFFICE - CAPSTONE 2\api\get_my_applications.php on line 33
[02-Nov-2025 04:30:43 Asia/Manila] PHP Warning:  Attempt to read property "connect_error" on null in C:\xampp\htdocs\STUDENT SUCCESS OFFICE - CAPSTONE 2\api\get_my_applications.php on line 33
[02-Nov-2025 04:30:43 Asia/Manila] PHP Fatal error:  Uncaught Error: Call to undefined function executeSelect() in C:\xampp\htdocs\STUDENT SUCCESS OFFICE - CAPSTONE 2\api\get_my_applications.php:68
Stack trace:
#0 {main}
  thrown in C:\xampp\htdocs\STUDENT SUCCESS OFFICE - CAPSTONE 2\api\get_my_applications.php on line 68
[02-Nov-2025 08:28:28 Asia/Manila] PHP Warning:  Undefined variable $conn in C:\xampp\htdocs\STUDENT SUCCESS OFFICE - CAPSTONE 2\api\get_my_applications.php on line 33
[02-Nov-2025 08:28:28 Asia/Manila] PHP Warning:  Attempt to read property "connect_error" on null in C:\xampp\htdocs\STUDENT SUCCESS OFFICE - CAPSTONE 2\api\get_my_applications.php on line 33
[02-Nov-2025 08:28:28 Asia/Manila] PHP Fatal error:  Uncaught Error: Call to undefined function executeSelect() in C:\xampp\htdocs\STUDENT SUCCESS OFFICE - CAPSTONE 2\api\get_my_applications.php:70
Stack trace:
#0 {main}
  thrown in C:\xampp\htdocs\STUDENT SUCCESS OFFICE - CAPSTONE 2\api\get_my_applications.php on line 70
[02-Nov-2025 16:11:48 Asia/Manila] Error in get_submission_details.php: Unknown column 'external_file_id' in 'SELECT'
[02-Nov-2025 19:55:54 Asia/Manila] PHP Fatal error:  Maximum execution time of 120 seconds exceeded in C:\xampp\htdocs\STUDENT SUCCESS OFFICE - CAPSTONE 2\api\update_submission.php on line 113
[02-Nov-2025 21:30:43 Asia/Manila] Applicant number lookup error: Table 'u337253893_PLPasigSSO.applicant_number' doesn't exist
[02-Nov-2025 21:31:22 Asia/Manila] Applicant number lookup error: Table 'u337253893_PLPasigSSO.applicant_number' doesn't exist
[02-Nov-2025 21:31:55 Asia/Manila] Applicant number lookup error: Table 'u337253893_PLPasigSSO.applicant_number' doesn't exist
[02-Nov-2025 21:32:09 Asia/Manila] Applicant number lookup error: Table 'u337253893_PLPasigSSO.applicant_number' doesn't exist
[02-Nov-2025 21:32:17 Asia/Manila] Applicant number lookup error: Table 'u337253893_PLPasigSSO.applicant_number' doesn't exist
[02-Nov-2025 21:32:56 Asia/Manila] Applicant number lookup error: Table 'u337253893_PLPasigSSO.applicant_number' doesn't exist
[02-Nov-2025 21:33:27 Asia/Manila] Applicant number lookup error: Table 'u337253893_PLPasigSSO.applicant_number' doesn't exist
[02-Nov-2025 21:34:43 Asia/Manila] Applicant number lookup error: Table 'u337253893_PLPasigSSO.applicant_number' doesn't exist
[02-Nov-2025 21:35:04 Asia/Manila] Applicant number lookup error: Table 'u337253893_PLPasigSSO.applicant_number' doesn't exist
[02-Nov-2025 21:35:52 Asia/Manila] Applicant number lookup error: Table 'u337253893_PLPasigSSO.applicant_number' doesn't exist
[02-Nov-2025 21:35:59 Asia/Manila] Applicant number lookup error: Table 'u337253893_PLPasigSSO.applicant_number' doesn't exist
[02-Nov-2025 21:36:59 Asia/Manila] Applicant number lookup error: Table 'u337253893_PLPasigSSO.applicant_number' doesn't exist
[02-Nov-2025 21:38:08 Asia/Manila] Applicant number lookup error: Table 'u337253893_PLPasigSSO.applicant_number' doesn't exist
[02-Nov-2025 21:38:27 Asia/Manila] Applicant number lookup error: Table 'u337253893_PLPasigSSO.applicant_number' doesn't exist
[02-Nov-2025 21:38:55 Asia/Manila] Applicant number lookup error: Table 'u337253893_PLPasigSSO.applicant_number' doesn't exist
[02-Nov-2025 21:39:10 Asia/Manila] Applicant number lookup error: Table 'u337253893_PLPasigSSO.applicant_number' doesn't exist
[02-Nov-2025 21:39:38 Asia/Manila] Applicant number lookup error: Table 'u337253893_PLPasigSSO.applicant_number' doesn't exist
[02-Nov-2025 21:39:57 Asia/Manila] Applicant number lookup error: Table 'u337253893_PLPasigSSO.applicant_number' doesn't exist
[02-Nov-2025 21:40:11 Asia/Manila] Applicant number lookup error: Table 'u337253893_PLPasigSSO.applicant_number' doesn't exist
[02-Nov-2025 21:40:24 Asia/Manila] Applicant number lookup error: Table 'u337253893_PLPasigSSO.applicant_number' doesn't exist
[02-Nov-2025 21:40:55 Asia/Manila] Applicant number lookup error: Table 'u337253893_PLPasigSSO.applicant_number' doesn't exist
[02-Nov-2025 21:48:22 Asia/Manila] Applicant number lookup error: Table 'u337253893_PLPasigSSO.applicant_number' doesn't exist
[02-Nov-2025 21:50:14 Asia/Manila] Applicant number lookup error: Table 'u337253893_PLPasigSSO.applicant_number' doesn't exist
[02-Nov-2025 21:50:37 Asia/Manila] Applicant number lookup error: Table 'u337253893_PLPasigSSO.applicant_number' doesn't exist
[02-Nov-2025 22:44:52 Asia/Manila] Applicant number lookup error: Table 'u337253893_PLPasigSSO.applicant_number' doesn't exist
[02-Nov-2025 22:53:31 Asia/Manila] Applicant number lookup error: Table 'u337253893_PLPasigSSO.applicant_number' doesn't exist
[02-Nov-2025 22:58:10 Asia/Manila] Applicant number lookup error: Table 'u337253893_PLPasigSSO.applicant_number' doesn't exist
[02-Nov-2025 23:02:57 Asia/Manila] Applicant number lookup error: Table 'u337253893_PLPasigSSO.applicant_number' doesn't exist
[02-Nov-2025 23:03:05 Asia/Manila] Applicant number lookup error: Table 'u337253893_PLPasigSSO.applicant_number' doesn't exist
[03-Nov-2025 01:31:19 Asia/Manila] Applicant number lookup error: Table 'u337253893_PLPasigSSO.applicant_number' doesn't exist
[03-Nov-2025 01:32:47 Asia/Manila] Applicant number lookup error: Table 'u337253893_PLPasigSSO.applicant_number' doesn't exist
[03-Nov-2025 02:17:42 Asia/Manila] Applicant number lookup error: Table 'u337253893_PLPasigSSO.applicant_number' doesn't exist
[03-Nov-2025 02:21:27 Asia/Manila] Applicant number lookup error: Table 'u337253893_PLPasigSSO.applicant_number' doesn't exist
[03-Nov-2025 02:27:29 Asia/Manila] Applicant number lookup error: Table 'u337253893_PLPasigSSO.applicant_number' doesn't exist
[03-Nov-2025 02:28:34 Asia/Manila] Applicant number lookup error: Table 'u337253893_PLPasigSSO.applicant_number' doesn't exist
[03-Nov-2025 04:27:59 Asia/Manila] Applicant number lookup error: Table 'u337253893_PLPasigSSO.applicant_number' doesn't exist
[03-Nov-2025 04:28:29 Asia/Manila] Applicant number lookup error: Table 'u337253893_PLPasigSSO.applicant_number' doesn't exist
[03-Nov-2025 04:28:52 Asia/Manila] Applicant number lookup error: Table 'u337253893_PLPasigSSO.applicant_number' doesn't exist
[03-Nov-2025 04:30:02 Asia/Manila] Applicant number lookup error: Table 'u337253893_PLPasigSSO.applicant_number' doesn't exist
[03-Nov-2025 04:32:19 Asia/Manila] Applicant number lookup error: Table 'u337253893_PLPasigSSO.applicant_number' doesn't exist
[03-Nov-2025 04:35:13 Asia/Manila] Applicant number lookup error: Table 'u337253893_PLPasigSSO.applicant_number' doesn't exist
[03-Nov-2025 04:41:35 Asia/Manila] Applicant number lookup error: Table 'u337253893_PLPasigSSO.applicant_number' doesn't exist
[03-Nov-2025 04:41:56 Asia/Manila] Applicant number lookup error: Table 'u337253893_PLPasigSSO.applicant_number' doesn't exist
[03-Nov-2025 04:42:02 Asia/Manila] Applicant number lookup error: Table 'u337253893_PLPasigSSO.applicant_number' doesn't exist
[03-Nov-2025 04:58:38 Asia/Manila] Applicant number lookup error: Table 'u337253893_PLPasigSSO.applicant_number' doesn't exist
